[2021-01-02 08:30:47]	compilation failed at : "e:\singlechip\project\51\8051\src\main.c", exit code: 2
   在 unify_builder.Program.Main(String[] args)

[2021-01-02 09:12:16]	compilation failed at : "e:\singlechip\project\51\8051\src\main.c", exit code: 2
   在 unify_builder.Program.Main(String[] args)

[2021-01-02 09:31:50]	compilation failed at : "e:\singlechip\project\51\8051\src\main.c", exit code: 2
   在 unify_builder.Program.Main(String[] args)

[2021-01-02 09:47:13]	compilation failed at : "e:\singlechip\project\51\8051\src\main.c", exit code: 2
   在 unify_builder.Program.Main(String[] args)

[2021-01-02 09:47:23]	compilation failed at : "e:\singlechip\project\51\8051\src\main.c", exit code: 2
   在 unify_builder.Program.Main(String[] args)

[2021-01-02 09:53:30]	compilation failed at : "e:\singlechip\project\51\8051\src\main.c", exit code: 2
   在 unify_builder.Program.Main(String[] args)

[2021-01-02 09:58:52]	compilation failed at : "e:\singlechip\project\51\8051\src\main.c", exit code: 2
   在 unify_builder.Program.Main(String[] args)

[2021-01-02 09:59:12]	compilation failed at : "e:\singlechip\project\51\8051\src\main.c", exit code: 2
   在 unify_builder.Program.Main(String[] args)

[2021-01-02 09:59:23]	compilation failed at : "e:\singlechip\project\51\8051\src\main.c", exit code: 2
   在 unify_builder.Program.Main(String[] args)

[2021-01-02 10:48:55]	compilation failed at : "e:\singlechip\project\51\8051\src\main.c", exit code: 2
   在 unify_builder.Program.Main(String[] args)

[2021-01-02 10:49:17]	compilation failed at : "e:\singlechip\project\51\8051\src\main.c", exit code: 2
   在 unify_builder.Program.Main(String[] args)

[2021-01-02 10:51:35]	compilation failed at : "e:\singlechip\project\51\8051\src\main.c", exit code: 2
   在 unify_builder.Program.Main(String[] args)

[2021-01-02 10:52:45]	compilation failed at : "e:\singlechip\project\51\8051\src\main.c", exit code: 2
   在 unify_builder.Program.Main(String[] args)

[2021-01-02 10:53:03]	compilation failed at : "e:\singlechip\project\51\8051\src\main.c", exit code: 2
   在 unify_builder.Program.Main(String[] args)

[2021-01-02 10:53:39]	compilation failed at : "e:\singlechip\project\51\8051\src\main.c", exit code: 2
   在 unify_builder.Program.Main(String[] args)

[2021-01-02 10:59:37]	compilation failed at : "e:\singlechip\project\51\8051\src\main.c", exit code: 2
   在 unify_builder.Program.Main(String[] args)

[2021-01-02 11:00:20]	compilation failed at : "e:\singlechip\project\51\8051\src\main.c", exit code: 2
   在 unify_builder.Program.Main(String[] args)

[2021-01-02 11:00:37]	compilation failed at : "e:\singlechip\project\51\8051\src\main.c", exit code: 2
   在 unify_builder.Program.Main(String[] args)

[2021-01-02 11:00:53]	compilation failed at : "e:\singlechip\project\51\8051\src\main.c", exit code: 2
   在 unify_builder.Program.Main(String[] args)

[2021-01-02 11:01:13]	compilation failed at : "e:\singlechip\project\51\8051\src\main.c", exit code: 2
   在 unify_builder.Program.Main(String[] args)

[2021-01-02 11:03:36]	compilation failed at : "e:\singlechip\project\51\8051\src\main.c", exit code: 2
   在 unify_builder.Program.Main(String[] args)

[2021-01-02 11:03:56]	compilation failed at : "e:\singlechip\project\51\8051\src\main.c", exit code: 2
   在 unify_builder.Program.Main(String[] args)

[2021-01-02 11:04:07]	compilation failed at : "e:\singlechip\project\51\8051\src\main.c", exit code: 2
   在 unify_builder.Program.Main(String[] args)

[2021-01-02 11:04:31]	compilation failed at : "e:\singlechip\project\51\8051\src\main.c", exit code: 2
   在 unify_builder.Program.Main(String[] args)

[2021-01-02 11:04:41]	compilation failed at : "e:\singlechip\project\51\8051\src\main.c", exit code: 2
   在 unify_builder.Program.Main(String[] args)

[2021-01-02 11:04:53]	compilation failed at : "e:\singlechip\project\51\8051\src\main.c", exit code: 2
   在 unify_builder.Program.Main(String[] args)

[2021-01-02 11:05:03]	compilation failed at : "e:\singlechip\project\51\8051\src\main.c", exit code: 2
   在 unify_builder.Program.Main(String[] args)

[2021-01-02 11:05:33]	compilation failed at : "e:\singlechip\project\51\8051\src\main.c", exit code: 2
   在 unify_builder.Program.Main(String[] args)

[2021-01-02 11:06:01]	compilation failed at : "e:\singlechip\project\51\8051\src\main.c", exit code: 2
   在 unify_builder.Program.Main(String[] args)

[2021-01-02 11:06:11]	compilation failed at : "e:\singlechip\project\51\8051\src\main.c", exit code: 2
   在 unify_builder.Program.Main(String[] args)

[2021-01-02 11:06:17]	compilation failed at : "e:\singlechip\project\51\8051\src\main.c", exit code: 2
   在 unify_builder.Program.Main(String[] args)

[2021-01-02 11:06:25]	compilation failed at : "e:\singlechip\project\51\8051\src\main.c", exit code: 2
   在 unify_builder.Program.Main(String[] args)

[2021-01-02 11:06:32]	compilation failed at : "e:\singlechip\project\51\8051\src\main.c", exit code: 2
   在 unify_builder.Program.Main(String[] args)

[2021-01-02 11:07:01]	compilation failed at : "e:\singlechip\project\51\8051\src\main.c", exit code: 2
   在 unify_builder.Program.Main(String[] args)

[2021-01-02 11:09:22]	compilation failed at : "e:\singlechip\project\51\8051\src\main.c", exit code: 2
   在 unify_builder.Program.Main(String[] args)

[2021-01-02 11:09:34]	compilation failed at : "e:\singlechip\project\51\8051\src\main.c", exit code: 2
   在 unify_builder.Program.Main(String[] args)

[2021-01-02 13:57:46]	compilation failed at : "e:\singlechip\project\51\8051\src\main.c", exit code: 2
   在 unify_builder.Program.Main(String[] args)

[2021-01-02 13:58:07]	link failed !, exit code: 2
   在 unify_builder.Program.Main(String[] args)

[2021-01-02 14:02:02]	compilation failed at : "e:\singlechip\project\51\8051\src\main.c", exit code: 2
   在 unify_builder.Program.Main(String[] args)

[2021-01-02 14:03:21]	compilation failed at : "e:\singlechip\project\51\8051\src\main.c", exit code: 2
   在 unify_builder.Program.Main(String[] args)

[2021-01-02 14:04:12]	compilation failed at : "e:\singlechip\project\51\8051\src\main.c", exit code: 2
   在 unify_builder.Program.Main(String[] args)

[2021-01-02 14:10:29]	compilation failed at : "e:\singlechip\project\51\8051\src\main.c", exit code: 2
   在 unify_builder.Program.Main(String[] args)

[2021-01-02 14:14:38]	compilation failed at : "e:\singlechip\project\51\8051\src\main.c", exit code: 2
   在 unify_builder.Program.Main(String[] args)

[2021-01-02 14:15:20]	compilation failed at : "e:\singlechip\project\51\8051\src\main.c", exit code: 2
   在 unify_builder.Program.Main(String[] args)

[2021-01-02 14:15:55]	compilation failed at : "e:\singlechip\project\51\8051\src\main.c", exit code: 2
   在 unify_builder.Program.Main(String[] args)

[2021-01-02 14:25:22]	compilation failed at : "e:\singlechip\project\51\8051\src\main.c", exit code: 2
   在 unify_builder.Program.Main(String[] args)

[2021-01-02 14:27:11]	compilation failed at : "e:\singlechip\project\51\8051\src\main.c", exit code: 2
   在 unify_builder.Program.Main(String[] args)

[2021-01-02 14:27:23]	compilation failed at : "e:\singlechip\project\51\8051\src\main.c", exit code: 2
   在 unify_builder.Program.Main(String[] args)

[2021-01-02 14:30:29]	compilation failed at : "e:\singlechip\project\51\8051\src\main.c", exit code: 2
   在 unify_builder.Program.Main(String[] args)

[2021-01-02 14:34:30]	compilation failed at : "e:\singlechip\project\51\8051\src\main.c", exit code: 2
   在 unify_builder.Program.Main(String[] args)

[2021-01-02 14:35:16]	link failed !, exit code: 2
   在 unify_builder.Program.Main(String[] args)

[2021-01-02 14:35:43]	link failed !, exit code: 2
   在 unify_builder.Program.Main(String[] args)

[2021-01-02 14:36:28]	link failed !, exit code: 2
   在 unify_builder.Program.Main(String[] args)

[2021-01-02 14:36:34]	link failed !, exit code: 2
   在 unify_builder.Program.Main(String[] args)

[2021-01-02 14:36:44]	link failed !, exit code: 2
   在 unify_builder.Program.Main(String[] args)

[2021-01-02 14:37:06]	link failed !, exit code: 2
   在 unify_builder.Program.Main(String[] args)

[2021-01-02 14:37:23]	link failed !, exit code: 2
   在 unify_builder.Program.Main(String[] args)

[2021-01-02 14:59:32]	compilation failed at : "e:\singlechip\project\51\8051\src\main.c", exit code: 2
   在 unify_builder.Program.Main(String[] args)

[2021-01-02 14:59:49]	compilation failed at : "e:\singlechip\project\51\8051\src\main.c", exit code: 2
   在 unify_builder.Program.Main(String[] args)

[2021-01-03 08:36:12]	compilation failed at : "e:\singlechip\project\51\8051\src\main.c", exit code: 2
   在 unify_builder.Program.Main(String[] args)

[2021-01-03 08:36:24]	link failed !, exit code: 2
   在 unify_builder.Program.Main(String[] args)

[2021-01-03 08:44:17]	link failed !, exit code: 2
   在 unify_builder.Program.Main(String[] args)

[2021-01-07 14:17:05]	compilation failed at : "e:\singlechip\project\51\8051\src\main.c", exit code: 2
   在 unify_builder.Program.Main(String[] args)

[2021-01-07 14:17:17]	compilation failed at : "e:\singlechip\project\51\8051\src\main.c", exit code: 2
   在 unify_builder.Program.Main(String[] args)

[2021-01-07 14:17:56]	compilation failed at : "e:\singlechip\project\51\8051\src\main.c", exit code: 2
   在 unify_builder.Program.Main(String[] args)

[2021-01-07 14:22:12]	compilation failed at : "e:\singlechip\project\51\8051\src\main.c", exit code: 2
   在 unify_builder.Program.Main(String[] args)

[2021-01-07 14:22:24]	compilation failed at : "e:\singlechip\project\51\8051\src\main.c", exit code: 2
   在 unify_builder.Program.Main(String[] args)

[2021-01-07 15:16:21]	link failed !, exit code: 2
   在 unify_builder.Program.Main(String[] args)

[2021-01-07 15:16:41]	link failed !, exit code: 2
   在 unify_builder.Program.Main(String[] args)

[2021-01-07 15:21:18]	compilation failed at : "e:\singlechip\project\51\8051\src\main.c", exit code: 2
   在 unify_builder.Program.Main(String[] args)

[2021-01-07 15:26:37]	compilation failed at : "e:\singlechip\project\51\8051\src\main.c", exit code: 2
   在 unify_builder.Program.Main(String[] args)

[2021-01-08 11:13:15]	link failed !, exit code: 2
   在 unify_builder.Program.Main(String[] args)

[2021-01-08 11:14:10]	link failed !, exit code: 2
   在 unify_builder.Program.Main(String[] args)

[2021-01-08 13:44:09]	compilation failed at : "e:\singlechip\project\51\8051\src\main.c", exit code: 2
   在 unify_builder.Program.Main(String[] args)

[2021-01-08 15:43:39]	compilation failed at : "e:\singlechip\project\51\8051\src\wendudu.c", exit code: 2
   在 unify_builder.Program.Main(String[] args)

[2021-01-08 15:44:31]	compilation failed at : "e:\singlechip\project\51\8051\src\wendudu.c", exit code: 2
   在 unify_builder.Program.Main(String[] args)

[2021-01-08 15:53:43]	compilation failed at : "e:\singlechip\project\51\8051\src\main.c", exit code: 2
   在 unify_builder.Program.Main(String[] args)

[2021-01-08 15:53:52]	compilation failed at : "e:\singlechip\project\51\8051\src\main.c", exit code: 2
   在 unify_builder.Program.Main(String[] args)

[2021-01-08 15:54:16]	compilation failed at : "e:\singlechip\project\51\8051\src\main.c", exit code: 2
   在 unify_builder.Program.Main(String[] args)

[2021-01-08 15:59:49]	compilation failed at : "e:\singlechip\project\51\8051\src\main.c", exit code: 2
   在 unify_builder.Program.Main(String[] args)

[2021-01-08 16:00:28]	compilation failed at : "e:\singlechip\project\51\8051\src\main.c", exit code: 2
   在 unify_builder.Program.Main(String[] args)

[2021-01-08 16:01:43]	compilation failed at : "e:\singlechip\project\51\8051\src\main.c", exit code: 2
   在 unify_builder.Program.Main(String[] args)

[2021-01-08 18:43:22]	compilation failed at : "e:\singlechip\project\51\8051\src\main.c", exit code: 2
   在 unify_builder.Program.Main(String[] args)

[2021-01-11 16:49:24]	compilation failed at : "e:\singlechip\project\51\8051\src\main.c", exit code: 2
   在 unify_builder.Program.Main(String[] args)

[2021-01-11 17:05:20]	link failed !, exit code: 2
   在 unify_builder.Program.Main(String[] args)

[2021-01-11 17:06:09]	link failed !, exit code: 2
   在 unify_builder.Program.Main(String[] args)

[2021-01-11 17:33:29]	compilation failed at : "e:\singlechip\project\51\8051\src\main.c", exit code: 2
   在 unify_builder.Program.Main(String[] args)

[2021-01-11 17:33:59]	compilation failed at : "e:\singlechip\project\51\8051\src\main.c", exit code: 2
   在 unify_builder.Program.Main(String[] args)

[2021-01-11 17:36:12]	compilation failed at : "e:\singlechip\project\51\8051\src\main.c", exit code: 2
   在 unify_builder.Program.Main(String[] args)

[2021-01-11 17:36:42]	compilation failed at : "e:\singlechip\project\51\8051\src\main.c", exit code: 2
   在 unify_builder.Program.Main(String[] args)

[2021-01-11 17:37:32]	compilation failed at : "e:\singlechip\project\51\8051\src\main.c", exit code: 2
   在 unify_builder.Program.Main(String[] args)

[2021-01-11 17:37:46]	compilation failed at : "e:\singlechip\project\51\8051\src\main.c", exit code: 2
   在 unify_builder.Program.Main(String[] args)

[2021-01-11 17:39:23]	compilation failed at : "e:\singlechip\project\51\8051\src\main.c", exit code: 2
   在 unify_builder.Program.Main(String[] args)

[2021-01-12 08:10:39]	compilation failed at : "e:\singlechip\project\51\8051\src\main.c", exit code: 2
   在 unify_builder.Program.Main(String[] args)

[2021-01-12 08:11:01]	compilation failed at : "e:\singlechip\project\51\8051\src\main.c", exit code: 2
   在 unify_builder.Program.Main(String[] args)

[2021-01-12 08:51:45]	compilation failed at : "e:\singlechip\project\51\8051\src\main.c", exit code: 2
   在 unify_builder.Program.Main(String[] args)

[2021-01-12 08:52:40]	compilation failed at : "e:\singlechip\project\51\8051\src\main.c", exit code: 2
   在 unify_builder.Program.Main(String[] args)

[2021-01-12 08:53:23]	compilation failed at : "e:\singlechip\project\51\8051\src\main.c", exit code: 2
   在 unify_builder.Program.Main(String[] args)

[2021-01-12 08:53:37]	compilation failed at : "e:\singlechip\project\51\8051\src\main.c", exit code: 2
   在 unify_builder.Program.Main(String[] args)

[2021-01-12 08:54:10]	compilation failed at : "e:\singlechip\project\51\8051\src\main.c", exit code: 2
   在 unify_builder.Program.Main(String[] args)

[2021-01-12 08:54:37]	compilation failed at : "e:\singlechip\project\51\8051\src\main.c", exit code: 2
   在 unify_builder.Program.Main(String[] args)

[2021-01-12 08:55:24]	compilation failed at : "e:\singlechip\project\51\8051\src\main.c", exit code: 2
   在 unify_builder.Program.Main(String[] args)

[2021-01-12 08:56:04]	compilation failed at : "e:\singlechip\project\51\8051\src\main.c", exit code: 2
   在 unify_builder.Program.Main(String[] args)

[2021-01-12 08:57:13]	link failed !, exit code: 2
   在 unify_builder.Program.Main(String[] args)

[2021-01-12 08:58:10]	link failed !, exit code: 2
   在 unify_builder.Program.Main(String[] args)

[2021-01-12 09:08:20]	compilation failed at : "e:\singlechip\project\51\8051\src\main.c", exit code: 2
   在 unify_builder.Program.Main(String[] args)

[2021-01-12 09:19:43]	compilation failed at : "e:\singlechip\project\51\8051\src\main.c", exit code: 2
   在 unify_builder.Program.Main(String[] args)

[2021-01-12 09:19:56]	compilation failed at : "e:\singlechip\project\51\8051\src\main.c", exit code: 2
   在 unify_builder.Program.Main(String[] args)

[2021-01-12 09:42:57]	link failed !, exit code: 2
   在 unify_builder.Program.Main(String[] args)

[2021-01-12 09:43:10]	link failed !, exit code: 2
   在 unify_builder.Program.Main(String[] args)

[2021-01-12 10:32:15]	compilation failed at : "e:\singlechip\project\51\8051\src\main.c", exit code: 2
   在 unify_builder.Program.Main(String[] args)

[2021-01-12 10:32:37]	compilation failed at : "e:\singlechip\project\51\8051\src\main.c", exit code: 2
   在 unify_builder.Program.Main(String[] args)

[2021-01-12 10:32:51]	compilation failed at : "e:\singlechip\project\51\8051\src\main.c", exit code: 2
   在 unify_builder.Program.Main(String[] args)

[2021-01-12 10:33:07]	compilation failed at : "e:\singlechip\project\51\8051\src\main.c", exit code: 2
   在 unify_builder.Program.Main(String[] args)

[2021-01-12 10:33:17]	compilation failed at : "e:\singlechip\project\51\8051\src\main.c", exit code: 2
   在 unify_builder.Program.Main(String[] args)

[2021-01-12 10:34:35]	compilation failed at : "e:\singlechip\project\51\8051\src\main.c", exit code: 2
   在 unify_builder.Program.Main(String[] args)

[2021-01-12 10:34:41]	compilation failed at : "e:\singlechip\project\51\8051\src\main.c", exit code: 2
   在 unify_builder.Program.Main(String[] args)

[2021-01-12 10:35:04]	compilation failed at : "e:\singlechip\project\51\8051\src\main.c", exit code: 2
   在 unify_builder.Program.Main(String[] args)

[2021-01-12 10:35:07]	compilation failed at : "e:\singlechip\project\51\8051\src\main.c", exit code: 2
   在 unify_builder.Program.Main(String[] args)

[2021-01-12 10:35:30]	compilation failed at : "e:\singlechip\project\51\8051\src\main.c", exit code: 2
   在 unify_builder.Program.Main(String[] args)

[2021-01-12 11:32:10]	compilation failed at : "e:\singlechip\project\51\8051\src\main.c", exit code: 2
   在 unify_builder.Program.Main(String[] args)

[2021-01-12 12:11:55]	compilation failed at : "e:\singlechip\project\51\8051\src\main.c", exit code: 2
   在 unify_builder.Program.Main(String[] args)

[2021-01-12 12:12:10]	compilation failed at : "e:\singlechip\project\51\8051\src\main.c", exit code: 2
   在 unify_builder.Program.Main(String[] args)

[2021-01-12 12:12:19]	compilation failed at : "e:\singlechip\project\51\8051\src\main.c", exit code: 2
   在 unify_builder.Program.Main(String[] args)

[2021-01-12 12:12:26]	compilation failed at : "e:\singlechip\project\51\8051\src\main.c", exit code: 2
   在 unify_builder.Program.Main(String[] args)

[2021-01-13 10:39:15]	compilation failed at : "e:\singlechip\project\51\8051\src\huatu.c", exit code: 2
   在 unify_builder.Program.Main(String[] args)

[2021-01-13 10:41:12]	compilation failed at : "e:\singlechip\project\51\8051\src\huatu.c", exit code: 2
   在 unify_builder.Program.Main(String[] args)

[2021-01-13 10:41:47]	compilation failed at : "e:\singlechip\project\51\8051\src\main.c", exit code: 2
   在 unify_builder.Program.Main(String[] args)

[2021-01-13 10:41:56]	compilation failed at : "e:\singlechip\project\51\8051\src\main.c", exit code: 2
   在 unify_builder.Program.Main(String[] args)

[2021-01-13 10:47:41]	compilation failed at : "e:\singlechip\project\51\8051\src\huatu.c", exit code: 2
   在 unify_builder.Program.Main(String[] args)

[2021-01-13 10:48:03]	compilation failed at : "e:\singlechip\project\51\8051\src\huatu.c", exit code: 2
   在 unify_builder.Program.Main(String[] args)

[2021-01-13 10:48:28]	compilation failed at : "e:\singlechip\project\51\8051\src\huatu.c", exit code: 2
   在 unify_builder.Program.Main(String[] args)

[2021-01-13 11:05:51]	compilation failed at : "e:\singlechip\project\51\8051\src\main.c", exit code: 2
   在 unify_builder.Program.Main(String[] args)

[2021-01-13 11:06:10]	compilation failed at : "e:\singlechip\project\51\8051\src\main.c", exit code: 2
   在 unify_builder.Program.Main(String[] args)

[2021-01-13 14:13:40]	compilation failed at : "e:\singlechip\project\51\8051\src\main.c", exit code: 2
   在 unify_builder.Program.Main(String[] args)

[2021-01-13 14:14:37]	compilation failed at : "e:\singlechip\project\51\8051\src\main.c", exit code: 2
   在 unify_builder.Program.Main(String[] args)

[2021-01-13 14:14:53]	link failed !, exit code: 2
   在 unify_builder.Program.Main(String[] args)

[2021-01-13 14:15:14]	link failed !, exit code: 2
   在 unify_builder.Program.Main(String[] args)

[2021-01-13 14:15:57]	compilation failed at : "e:\singlechip\project\51\8051\src\main.c", exit code: 2
   在 unify_builder.Program.Main(String[] args)

[2021-01-13 14:16:06]	link failed !, exit code: 2
   在 unify_builder.Program.Main(String[] args)

[2021-01-13 14:18:33]	compilation failed at : "e:\singlechip\project\51\8051\src\main.c", exit code: 2
   在 unify_builder.Program.Main(String[] args)

[2021-01-13 14:19:17]	link failed !, exit code: 2
   在 unify_builder.Program.Main(String[] args)

[2021-01-13 14:20:29]	link failed !, exit code: 2
   在 unify_builder.Program.Main(String[] args)

[2021-01-13 14:32:01]	compilation failed at : "e:\singlechip\project\51\8051\src\main.c", exit code: 2
   在 unify_builder.Program.Main(String[] args)

[2021-01-13 18:18:41]	compilation failed at : "e:\singlechip\project\51\8051\src\Untitled-1.c", exit code: 2
   在 unify_builder.Program.Main(String[] args)

[2021-01-13 18:19:39]	compilation failed at : "e:\singlechip\project\51\8051\src\main.c", exit code: 2
   在 unify_builder.Program.Main(String[] args)

[2021-01-13 18:26:51]	compilation failed at : "e:\singlechip\project\51\8051\src\main.c", exit code: 2
   在 unify_builder.Program.Main(String[] args)

[2021-01-13 19:02:13]	compilation failed at : "e:\singlechip\project\51\8051\src\main.c", exit code: 2
   在 unify_builder.Program.Main(String[] args)

[2021-01-13 19:02:26]	compilation failed at : "e:\singlechip\project\51\8051\src\main.c", exit code: 2
   在 unify_builder.Program.Main(String[] args)

[2021-01-13 19:02:56]	compilation failed at : "e:\singlechip\project\51\8051\src\main.c", exit code: 2
   在 unify_builder.Program.Main(String[] args)

[2021-01-13 19:03:18]	link failed !, exit code: 2
   在 unify_builder.Program.Main(String[] args)

[2021-01-13 19:39:51]	compilation failed at : "e:\singlechip\project\51\8051\src\main.c", exit code: 2
   在 unify_builder.Program.Main(String[] args)

[2021-01-13 19:53:50]	compilation failed at : "e:\singlechip\project\51\8051\src\main.c", exit code: 2
   在 unify_builder.Program.Main(String[] args)

[2021-01-13 20:05:45]	compilation failed at : "e:\singlechip\project\51\8051\src\main.c", exit code: 2
   在 unify_builder.Program.Main(String[] args)

[2021-01-13 20:33:02]	compilation failed at : "e:\singlechip\project\51\8051\src\main.c", exit code: 2
   在 unify_builder.Program.Main(String[] args)

[2021-01-13 20:47:17]	compilation failed at : "e:\singlechip\project\51\8051\src\main.c", exit code: 2
   在 unify_builder.Program.Main(String[] args)

[2021-01-13 20:49:14]	link failed !, exit code: 2
   在 unify_builder.Program.Main(String[] args)

[2021-01-13 20:55:31]	link failed !, exit code: 2
   在 unify_builder.Program.Main(String[] args)

[2021-01-13 20:55:53]	link failed !, exit code: 2
   在 unify_builder.Program.Main(String[] args)

[2021-01-13 21:00:10]	link failed !, exit code: 2
   在 unify_builder.Program.Main(String[] args)

[2021-01-13 21:01:53]	link failed !, exit code: 2
   在 unify_builder.Program.Main(String[] args)

[2021-01-13 21:06:48]	compilation failed at : "e:\singlechip\project\51\8051\src\main.c", exit code: 2
   在 unify_builder.Program.Main(String[] args)

[2021-01-13 22:14:02]	compilation failed at : "e:\singlechip\project\51\8051\src\main.c", exit code: 2
   在 unify_builder.Program.Main(String[] args)

[2021-01-14 18:29:32]	compilation failed at : "e:\singlechip\project\51\8051\src\main.c", exit code: 2
   在 unify_builder.Program.Main(String[] args)

[2021-01-14 18:29:56]	compilation failed at : "e:\singlechip\project\51\8051\src\main.c", exit code: 2
   在 unify_builder.Program.Main(String[] args)

[2021-01-14 18:30:12]	link failed !, exit code: 2
   在 unify_builder.Program.Main(String[] args)

[2021-01-14 19:12:45]	compilation failed at : "e:\singlechip\project\51\8051\src\main.c", exit code: 2
   在 unify_builder.Program.Main(String[] args)

[2021-01-15 16:48:54]	compilation failed at : "e:\singlechip\project\51\8051\src\main.c", exit code: 2
   在 unify_builder.Program.Main(String[] args)

[2021-01-15 16:49:35]	compilation failed at : "e:\singlechip\project\51\8051\src\main.c", exit code: 2
   在 unify_builder.Program.Main(String[] args)

[2021-01-15 16:49:55]	compilation failed at : "e:\singlechip\project\51\8051\src\main.c", exit code: 2
   在 unify_builder.Program.Main(String[] args)

[2021-01-15 16:51:16]	compilation failed at : "e:\singlechip\project\51\8051\src\main.c", exit code: 2
   在 unify_builder.Program.Main(String[] args)

[2021-01-15 16:51:56]	compilation failed at : "e:\singlechip\project\51\8051\src\main.c", exit code: 2
   在 unify_builder.Program.Main(String[] args)

[2021-01-15 16:57:21]	compilation failed at : "e:\singlechip\project\51\8051\src\main.c", exit code: 2
   在 unify_builder.Program.Main(String[] args)

[2021-01-15 18:43:26]	compilation failed at : "e:\singlechip\project\51\8051\src\main.c", exit code: 2
   在 unify_builder.Program.Main(String[] args)

[2021-01-15 18:43:40]	compilation failed at : "e:\singlechip\project\51\8051\src\main.c", exit code: 2
   在 unify_builder.Program.Main(String[] args)

[2021-01-15 18:44:12]	link failed !, exit code: 2
   在 unify_builder.Program.Main(String[] args)

[2021-01-15 18:51:51]	compilation failed at : "e:\singlechip\project\51\8051\src\main.c", exit code: 2
   在 unify_builder.Program.Main(String[] args)

[2021-01-15 18:52:28]	compilation failed at : "e:\singlechip\project\51\8051\src\main.c", exit code: 2
   在 unify_builder.Program.Main(String[] args)

[2021-01-15 18:52:39]	compilation failed at : "e:\singlechip\project\51\8051\src\main.c", exit code: 2
   在 unify_builder.Program.Main(String[] args)

[2021-01-15 18:52:58]	compilation failed at : "e:\singlechip\project\51\8051\src\main.c", exit code: 2
   在 unify_builder.Program.Main(String[] args)

[2021-01-15 18:53:45]	link failed !, exit code: 2
   在 unify_builder.Program.Main(String[] args)

[2021-01-15 18:54:10]	compilation failed at : "e:\singlechip\project\51\8051\src\main.c", exit code: 2
   在 unify_builder.Program.Main(String[] args)

