
[B9C803BF-C02E-11EA-80DE-002B67CB6CAC] : log at : 2020/11/9|19:54:05|GMT+0800



[B9C803BF-C02E-11EA-80DE-002B67CB6CAC] : log at : 2020/11/9|20:12:55|GMT+0800



[B9C803BF-C02E-11EA-80DE-002B67CB6CAC] : log at : 2020/11/10|18:19:25|GMT+0800



[B9C803BF-C02E-11EA-80DE-002B67CB6CAC] : log at : 2020/11/10|18:20:29|GMT+0800



[B9C803BF-C02E-11EA-80DE-002B67CB6CAC] : log at : 2020/11/11|17:42:11|GMT+0800

[B9C803BF-C02E-11EA-80DE-002B67CB6CAC] : log at : 2020/11/12|09:29:45|GMT+0800
[Hidden] : Failed to connect 'api.github.com/repos/github0null/ARM_Builder_V6/contents/ARM_Builder_V6'
Error: getaddrinfo ENOTFOUND api.github.com
    at GetAddrInfoReqWrap.onlookup [as oncomplete] (dns.js:60:26)

[B9C803BF-C02E-11EA-80DE-002B67CB6CAC] : log at : 2020/11/12|16:46:48|GMT+0800
[Hidden] : Failed to connect 'api.github.com/repos/github0null/ARM_Builder_V6/contents/ARM_Builder_V6'
Error: getaddrinfo ENOTFOUND api.github.com
    at GetAddrInfoReqWrap.onlookup [as oncomplete] (dns.js:60:26)



[B9C803BF-C02E-11EA-80DE-002B67CB6CAC] : log at : 2020/11/12|19:54:43|GMT+0800



[B9C803BF-C02E-11EA-80DE-002B67CB6CAC] : log at : 2020/11/13|19:52:14|GMT+0800

[B9C803BF-C02E-11EA-80DE-002B67CB6CAC] : log at : 2020/11/14|08:15:04|GMT+0800
[Hidden] : Failed to connect 'api.github.com/repos/github0null/ARM_Builder_V6/contents/ARM_Builder_V6'
Error: getaddrinfo ENOTFOUND api.github.com
    at GetAddrInfoReqWrap.onlookup [as oncomplete] (dns.js:60:26)



[B9C803BF-C02E-11EA-80DE-002B67CB6CAC] : log at : 2020/11/14|18:04:11|GMT+0800
[Hidden] : Failed to connect 'api.github.com/repos/github0null/ARM_Builder_V6/contents/ARM_Builder_V6'
Error: connect ETIMEDOUT 13.250.94.254:443
    at TCPConnectWrap.afterConnect [as oncomplete] (net.js:1134:16)



[B9C803BF-C02E-11EA-80DE-002B67CB6CAC] : log at : 2020/11/15|08:29:02|GMT+0800



[B9C803BF-C02E-11EA-80DE-002B67CB6CAC] : log at : 2020/11/15|10:02:16|GMT+0800



[B9C803BF-C02E-11EA-80DE-002B67CB6CAC] : log at : 2020/11/16|18:20:38|GMT+0800



[B9C803BF-C02E-11EA-80DE-002B67CB6CAC] : log at : 2020/11/17|18:33:51|GMT+0800



[B9C803BF-C02E-11EA-80DE-002B67CB6CAC] : log at : 2020/11/18|20:12:58|GMT+0800

[B9C803BF-C02E-11EA-80DE-002B67CB6CAC] : log at : 2020/11/19|08:28:38|GMT+0800
[Hidden] : Failed to connect 'api.github.com/repos/github0null/ARM_Builder_V6/contents/ARM_Builder_V6'
Error: getaddrinfo ENOTFOUND api.github.com
    at GetAddrInfoReqWrap.onlookup [as oncomplete] (dns.js:60:26)



[B9C803BF-C02E-11EA-80DE-002B67CB6CAC] : log at : 2020/11/19|08:30:13|GMT+0800
[Hidden] : Failed to connect 'api.github.com/repos/github0null/ARM_Builder_V6/contents/ARM_Builder_V6'
Error: getaddrinfo ENOTFOUND api.github.com
    at GetAddrInfoReqWrap.onlookup [as oncomplete] (dns.js:60:26)



[B9C803BF-C02E-11EA-80DE-002B67CB6CAC] : log at : 2020/11/19|19:37:48|GMT+0800



[B9C803BF-C02E-11EA-80DE-002B67CB6CAC] : log at : 2020/11/22|09:07:02|GMT+0800



[B9C803BF-C02E-11EA-80DE-002B67CB6CAC] : log at : 2020/11/23|18:24:59|GMT+0800

[B9C803BF-C02E-11EA-80DE-002B67CB6CAC] : log at : 2020/11/24|18:05:03|GMT+0800

[B9C803BF-C02E-11EA-80DE-002B67CB6CAC] : log at : 2020/11/25|17:32:24|GMT+0800



[B9C803BF-C02E-11EA-80DE-002B67CB6CAC] : log at : 2020/11/25|19:18:36|GMT+0800

[B9C803BF-C02E-11EA-80DE-002B67CB6CAC] : log at : 2020/11/25|20:27:06|GMT+0800



[B9C803BF-C02E-11EA-80DE-002B67CB6CAC] : log at : 2020/11/26|09:14:51|GMT+0800



[B9C803BF-C02E-11EA-80DE-002B67CB6CAC] : log at : 2020/11/26|18:14:51|GMT+0800

[B9C803BF-C02E-11EA-80DE-002B67CB6CAC] : log at : 2020/11/26|19:27:14|GMT+0800



[B9C803BF-C02E-11EA-80DE-002B67CB6CAC] : log at : 2020/11/27|19:59:32|GMT+0800



[B9C803BF-C02E-11EA-80DE-002B67CB6CAC] : log at : 2020/11/27|21:11:10|GMT+0800



[B9C803BF-C02E-11EA-80DE-002B67CB6CAC] : log at : 2020/11/27|21:12:15|GMT+0800



[B9C803BF-C02E-11EA-80DE-002B67CB6CAC] : log at : 2020/11/28|18:13:26|GMT+0800



[B9C803BF-C02E-11EA-80DE-002B67CB6CAC] : log at : 2020/11/28|18:34:41|GMT+0800



[B9C803BF-C02E-11EA-80DE-002B67CB6CAC] : log at : 2020/11/28|18:34:56|GMT+0800



[B9C803BF-C02E-11EA-80DE-002B67CB6CAC] : log at : 2020/11/28|18:57:24|GMT+0800



[B9C803BF-C02E-11EA-80DE-002B67CB6CAC] : log at : 2020/11/28|18:58:58|GMT+0800



[B9C803BF-C02E-11EA-80DE-002B67CB6CAC] : log at : 2020/11/28|18:59:32|GMT+0800
[Hidden] : Failed to connect 'api.github.com/repos/github0null/ARM_Builder_V6/contents/ARM_Builder_V6'
Error: getaddrinfo ENOTFOUND api.github.com
    at GetAddrInfoReqWrap.onlookup [as oncomplete] (dns.js:60:26)



[B9C803BF-C02E-11EA-80DE-002B67CB6CAC] : log at : 2020/11/28|19:04:30|GMT+0800



[B9C803BF-C02E-11EA-80DE-002B67CB6CAC] : log at : 2020/11/30|10:27:25|GMT+0800



[B9C803BF-C02E-11EA-80DE-002B67CB6CAC] : log at : 2021/1/2|08:17:33|GMT+0800



[B9C803BF-C02E-11EA-80DE-002B67CB6CAC] : log at : 2021/1/2|08:25:38|GMT+0800



[B9C803BF-C02E-11EA-80DE-002B67CB6CAC] : log at : 2021/1/2|08:27:04|GMT+0800



[B9C803BF-C02E-11EA-80DE-002B67CB6CAC] : log at : 2021/1/2|08:30:05|GMT+0800



[B9C803BF-C02E-11EA-80DE-002B67CB6CAC] : log at : 2021/1/2|09:06:59|GMT+0800



[B9C803BF-C02E-11EA-80DE-002B67CB6CAC] : log at : 2021/1/2|09:24:24|GMT+0800



[B9C803BF-C02E-11EA-80DE-002B67CB6CAC] : log at : 2021/1/3|08:29:23|GMT+0800



[B9C803BF-C02E-11EA-80DE-002B67CB6CAC] : log at : 2021/1/7|09:26:52|GMT+0800

[B9C803BF-C02E-11EA-80DE-002B67CB6CAC] : log at : 2021/1/9|13:48:46|GMT+0800



[B9C803BF-C02E-11EA-80DE-002B67CB6CAC] : log at : 2021/1/11|16:17:55|GMT+0800



[B9C803BF-C02E-11EA-80DE-002B67CB6CAC] : log at : 2021/1/15|15:19:32|GMT+0800



[B9C803BF-C02E-11EA-80DE-002B67CB6CAC] : log at : 2021/1/15|16:23:35|GMT+0800



[B9C803BF-C02E-11EA-80DE-002B67CB6CAC] : log at : 2021/1/15|19:26:41|GMT+0800


