[2020-11-09 20:05:29]	compilation failed at : "e:\singlechip\project\51\8051\src\main.c", exit code: 2
   在 ARM_Builder_V6.Program.Main(String[] args)

[2020-11-09 20:21:47]	compilation failed at : "e:\singlechip\project\51\8051\src\main.c", exit code: 2
   在 ARM_Builder_V6.Program.Main(String[] args)

[2020-11-10 19:23:56]	compilation failed at : "e:\singlechip\project\51\8051\src\main.c", exit code: 2
   在 ARM_Builder_V6.Program.Main(String[] args)

[2020-11-10 21:10:56]	compilation failed at : "e:\singlechip\project\51\8051\src\main.c", exit code: 2
   在 ARM_Builder_V6.Program.Main(String[] args)

[2020-11-10 21:11:57]	compilation failed at : "e:\singlechip\project\51\8051\src\main.c", exit code: 2
   在 ARM_Builder_V6.Program.Main(String[] args)

[2020-11-10 21:12:16]	compilation failed at : "e:\singlechip\project\51\8051\src\main.c", exit code: 2
   在 ARM_Builder_V6.Program.Main(String[] args)

[2020-11-10 21:12:22]	compilation failed at : "e:\singlechip\project\51\8051\src\main.c", exit code: 2
   在 ARM_Builder_V6.Program.Main(String[] args)

[2020-11-10 21:12:31]	compilation failed at : "e:\singlechip\project\51\8051\src\main.c", exit code: 2
   在 ARM_Builder_V6.Program.Main(String[] args)

[2020-11-10 21:12:39]	compilation failed at : "e:\singlechip\project\51\8051\src\main.c", exit code: 2
   在 ARM_Builder_V6.Program.Main(String[] args)

[2020-11-10 21:12:58]	compilation failed at : "e:\singlechip\project\51\8051\src\main.c", exit code: 2
   在 ARM_Builder_V6.Program.Main(String[] args)

[2020-11-11 18:23:30]	compilation failed at : "e:\singlechip\project\51\8051\src\main.c", exit code: 2
   在 ARM_Builder_V6.Program.Main(String[] args)

[2020-11-11 18:23:36]	compilation failed at : "e:\singlechip\project\51\8051\src\main.c", exit code: 2
   在 ARM_Builder_V6.Program.Main(String[] args)

[2020-11-11 18:25:03]	compilation failed at : "e:\singlechip\project\51\8051\src\main.c", exit code: 2
   在 ARM_Builder_V6.Program.Main(String[] args)

[2020-11-11 18:49:46]	compilation failed at : "e:\singlechip\project\51\8051\src\main.c", exit code: 2
   在 ARM_Builder_V6.Program.Main(String[] args)

[2020-11-11 19:31:18]	compilation failed at : "e:\singlechip\project\51\8051\src\main.c", exit code: 2
   在 ARM_Builder_V6.Program.Main(String[] args)

[2020-11-11 19:31:25]	compilation failed at : "e:\singlechip\project\51\8051\src\main.c", exit code: 2
   在 ARM_Builder_V6.Program.Main(String[] args)

[2020-11-11 19:31:40]	compilation failed at : "e:\singlechip\project\51\8051\src\main.c", exit code: 2
   在 ARM_Builder_V6.Program.Main(String[] args)

[2020-11-11 19:32:06]	compilation failed at : "e:\singlechip\project\51\8051\src\main.c", exit code: 2
   在 ARM_Builder_V6.Program.Main(String[] args)

[2020-11-11 19:32:12]	compilation failed at : "e:\singlechip\project\51\8051\src\main.c", exit code: 2
   在 ARM_Builder_V6.Program.Main(String[] args)

[2020-11-13 20:30:49]	compilation failed at : "e:\singlechip\project\51\8051\src\main.c", exit code: 2
   在 ARM_Builder_V6.Program.Main(String[] args)

[2020-11-14 19:09:16]	compilation failed at : "e:\singlechip\project\51\8051\src\main.c", exit code: 2
   在 ARM_Builder_V6.Program.Main(String[] args)

[2020-11-14 19:22:49]	compilation failed at : "e:\singlechip\project\51\8051\src\main.c", exit code: 2
   在 ARM_Builder_V6.Program.Main(String[] args)

[2020-11-14 19:23:34]	compilation failed at : "e:\singlechip\project\51\8051\src\main.c", exit code: 2
   在 ARM_Builder_V6.Program.Main(String[] args)

[2020-11-14 20:01:45]	compilation failed at : "e:\singlechip\project\51\8051\src\main.c", exit code: 2
   在 ARM_Builder_V6.Program.Main(String[] args)

[2020-11-14 20:01:55]	compilation failed at : "e:\singlechip\project\51\8051\src\main.c", exit code: 2
   在 ARM_Builder_V6.Program.Main(String[] args)

[2020-11-14 20:02:01]	compilation failed at : "e:\singlechip\project\51\8051\src\main.c", exit code: 2
   在 ARM_Builder_V6.Program.Main(String[] args)

[2020-11-14 20:02:36]	compilation failed at : "e:\singlechip\project\51\8051\src\main.c", exit code: 2
   在 ARM_Builder_V6.Program.Main(String[] args)

[2020-11-14 21:00:34]	compilation failed at : "e:\singlechip\project\51\8051\src\main.c", exit code: 2
   在 ARM_Builder_V6.Program.Main(String[] args)

[2020-11-14 21:15:17]	compilation failed at : "e:\singlechip\project\51\8051\src\main.c", exit code: 2
   在 ARM_Builder_V6.Program.Main(String[] args)

[2020-11-14 21:15:26]	compilation failed at : "e:\singlechip\project\51\8051\src\main.c", exit code: 2
   在 ARM_Builder_V6.Program.Main(String[] args)

[2020-11-14 21:15:30]	compilation failed at : "e:\singlechip\project\51\8051\src\main.c", exit code: 2
   在 ARM_Builder_V6.Program.Main(String[] args)

[2020-11-15 10:16:15]	compilation failed at : "e:\singlechip\project\51\8051\src\main.c", exit code: 2
   在 ARM_Builder_V6.Program.Main(String[] args)

[2020-11-15 10:16:39]	compilation failed at : "e:\singlechip\project\51\8051\src\main.c", exit code: 2
   在 ARM_Builder_V6.Program.Main(String[] args)

[2020-11-15 10:17:19]	compilation failed at : "e:\singlechip\project\51\8051\src\main.c", exit code: 2
   在 ARM_Builder_V6.Program.Main(String[] args)

[2020-11-15 10:17:55]	compilation failed at : "e:\singlechip\project\51\8051\src\main.c", exit code: 2
   在 ARM_Builder_V6.Program.Main(String[] args)

[2020-11-15 10:18:52]	compilation failed at : "e:\singlechip\project\51\8051\src\main.c", exit code: 2
   在 ARM_Builder_V6.Program.Main(String[] args)

[2020-11-15 10:23:58]	compilation failed at : "e:\singlechip\project\51\8051\src\main.c", exit code: 2
   在 ARM_Builder_V6.Program.Main(String[] args)

[2020-11-15 10:24:39]	compilation failed at : "e:\singlechip\project\51\8051\src\main.c", exit code: 2
   在 ARM_Builder_V6.Program.Main(String[] args)

[2020-11-15 10:27:54]	compilation failed at : "e:\singlechip\project\51\8051\src\main.c", exit code: 2
   在 ARM_Builder_V6.Program.Main(String[] args)

[2020-11-15 11:00:28]	compilation failed at : "e:\singlechip\project\51\8051\src\main.c", exit code: 2
   在 ARM_Builder_V6.Program.Main(String[] args)

[2020-11-15 11:00:47]	compilation failed at : "e:\singlechip\project\51\8051\src\main.c", exit code: 2
   在 ARM_Builder_V6.Program.Main(String[] args)

[2020-11-15 11:01:10]	compilation failed at : "e:\singlechip\project\51\8051\src\main.c", exit code: 2
   在 ARM_Builder_V6.Program.Main(String[] args)

[2020-11-15 11:01:22]	compilation failed at : "e:\singlechip\project\51\8051\src\main.c", exit code: 2
   在 ARM_Builder_V6.Program.Main(String[] args)

[2020-11-15 11:01:39]	compilation failed at : "e:\singlechip\project\51\8051\src\main.c", exit code: 2
   在 ARM_Builder_V6.Program.Main(String[] args)

[2020-11-15 11:17:40]	compilation failed at : "e:\singlechip\project\51\8051\src\main.c", exit code: 2
   在 ARM_Builder_V6.Program.Main(String[] args)

[2020-11-15 11:17:54]	compilation failed at : "e:\singlechip\project\51\8051\src\main.c", exit code: 2
   在 ARM_Builder_V6.Program.Main(String[] args)

[2020-11-15 15:04:58]	compilation failed at : "e:\singlechip\project\51\8051\src\main.c", exit code: 2
   在 ARM_Builder_V6.Program.Main(String[] args)

[2020-11-16 19:26:48]	compilation failed at : "e:\singlechip\project\51\8051\src\main.c", exit code: 2
   在 ARM_Builder_V6.Program.Main(String[] args)

[2020-11-16 20:02:31]	compilation failed at : "e:\singlechip\project\51\8051\src\main.c", exit code: 2
   在 ARM_Builder_V6.Program.Main(String[] args)

[2020-11-16 20:03:32]	compilation failed at : "e:\singlechip\project\51\8051\src\main.c", exit code: 2
   在 ARM_Builder_V6.Program.Main(String[] args)

[2020-11-16 20:04:21]	compilation failed at : "e:\singlechip\project\51\8051\src\main.c", exit code: 2
   在 ARM_Builder_V6.Program.Main(String[] args)

[2020-11-16 20:04:46]	compilation failed at : "e:\singlechip\project\51\8051\src\main.c", exit code: 2
   在 ARM_Builder_V6.Program.Main(String[] args)

[2020-11-16 20:04:55]	compilation failed at : "e:\singlechip\project\51\8051\src\main.c", exit code: 2
   在 ARM_Builder_V6.Program.Main(String[] args)

[2020-11-16 20:05:17]	compilation failed at : "e:\singlechip\project\51\8051\src\main.c", exit code: 2
   在 ARM_Builder_V6.Program.Main(String[] args)

[2020-11-17 18:50:15]	compilation failed at : "e:\singlechip\project\51\8051\src\main.c", exit code: 2
   在 ARM_Builder_V6.Program.Main(String[] args)

[2020-11-17 20:35:22]	compilation failed at : "e:\singlechip\project\51\8051\src\main.c", exit code: 2
   在 ARM_Builder_V6.Program.Main(String[] args)

[2020-11-17 20:49:39]	compilation failed at : "e:\singlechip\project\51\8051\src\main.c", exit code: 2
   在 ARM_Builder_V6.Program.Main(String[] args)

[2020-11-17 20:49:56]	compilation failed at : "e:\singlechip\project\51\8051\src\main.c", exit code: 2
   在 ARM_Builder_V6.Program.Main(String[] args)

[2020-11-17 20:50:17]	link failed !, exit code: 2
   在 ARM_Builder_V6.Program.Main(String[] args)

[2020-11-17 20:51:35]	link failed !, exit code: 2
   在 ARM_Builder_V6.Program.Main(String[] args)

[2020-11-17 20:55:17]	link failed !, exit code: 2
   在 ARM_Builder_V6.Program.Main(String[] args)

[2020-11-17 20:55:23]	link failed !, exit code: 2
   在 ARM_Builder_V6.Program.Main(String[] args)

[2020-11-17 20:55:34]	link failed !, exit code: 2
   在 ARM_Builder_V6.Program.Main(String[] args)

[2020-11-17 20:55:54]	link failed !, exit code: 2
   在 ARM_Builder_V6.Program.Main(String[] args)

[2020-11-17 20:56:13]	link failed !, exit code: 2
   在 ARM_Builder_V6.Program.Main(String[] args)

[2020-11-17 20:58:53]	link failed !, exit code: 2
   在 ARM_Builder_V6.Program.Main(String[] args)

[2020-11-17 20:58:58]	link failed !, exit code: 2
   在 ARM_Builder_V6.Program.Main(String[] args)

[2020-11-17 20:59:12]	compilation failed at : "e:\singlechip\project\51\8051\src\main.c", exit code: 2
   在 ARM_Builder_V6.Program.Main(String[] args)

[2020-11-22 10:16:49]	compilation failed at : "e:\singlechip\project\51\8051\src\main.c", exit code: 2
   在 ARM_Builder_V6.Program.Main(String[] args)

[2020-11-22 10:17:05]	compilation failed at : "e:\singlechip\project\51\8051\src\main.c", exit code: 2
   在 ARM_Builder_V6.Program.Main(String[] args)

[2020-11-22 10:17:28]	compilation failed at : "e:\singlechip\project\51\8051\src\main.c", exit code: 2
   在 ARM_Builder_V6.Program.Main(String[] args)

[2020-11-22 10:33:14]	compilation failed at : "e:\singlechip\project\51\8051\src\main.c", exit code: 2
   在 ARM_Builder_V6.Program.Main(String[] args)

[2020-11-22 10:34:12]	compilation failed at : "e:\singlechip\project\51\8051\src\main.c", exit code: 2
   在 ARM_Builder_V6.Program.Main(String[] args)

[2020-11-22 10:34:22]	compilation failed at : "e:\singlechip\project\51\8051\src\main.c", exit code: 2
   在 ARM_Builder_V6.Program.Main(String[] args)

[2020-11-22 11:02:12]	compilation failed at : "e:\singlechip\project\51\8051\src\main.c", exit code: 2
   在 ARM_Builder_V6.Program.Main(String[] args)

[2020-11-22 13:48:11]	compilation failed at : "e:\singlechip\project\51\8051\src\main.c", exit code: 2
   在 ARM_Builder_V6.Program.Main(String[] args)

[2020-11-22 15:37:32]	compilation failed at : "e:\singlechip\project\51\8051\src\main.c", exit code: 2
   在 ARM_Builder_V6.Program.Main(String[] args)

[2020-11-22 15:56:25]	compilation failed at : "e:\singlechip\project\51\8051\src\main.c", exit code: 2
   在 ARM_Builder_V6.Program.Main(String[] args)

[2020-11-22 15:57:33]	compilation failed at : "e:\singlechip\project\51\8051\src\main.c", exit code: 2
   在 ARM_Builder_V6.Program.Main(String[] args)

[2020-11-22 15:58:05]	compilation failed at : "e:\singlechip\project\51\8051\src\main.c", exit code: 2
   在 ARM_Builder_V6.Program.Main(String[] args)

[2020-11-22 16:03:32]	link failed !, exit code: 2
   在 ARM_Builder_V6.Program.Main(String[] args)

[2020-11-22 16:13:22]	compilation failed at : "e:\singlechip\project\51\8051\src\main.c", exit code: 2
   在 ARM_Builder_V6.Program.Main(String[] args)

[2020-11-22 18:18:21]	compilation failed at : "e:\singlechip\project\51\8051\src\main.c", exit code: 2
   在 ARM_Builder_V6.Program.Main(String[] args)

[2020-11-22 18:18:47]	compilation failed at : "e:\singlechip\project\51\8051\src\main.c", exit code: 2
   在 ARM_Builder_V6.Program.Main(String[] args)

[2020-11-22 18:19:08]	link failed !, exit code: 2
   在 ARM_Builder_V6.Program.Main(String[] args)

[2020-11-22 18:22:33]	link failed !, exit code: 2
   在 ARM_Builder_V6.Program.Main(String[] args)

[2020-11-22 18:22:45]	link failed !, exit code: 2
   在 ARM_Builder_V6.Program.Main(String[] args)

[2020-11-22 18:23:42]	link failed !, exit code: 2
   在 ARM_Builder_V6.Program.Main(String[] args)

[2020-11-22 18:24:37]	link failed !, exit code: 2
   在 ARM_Builder_V6.Program.Main(String[] args)

[2020-11-22 18:24:59]	link failed !, exit code: 2
   在 ARM_Builder_V6.Program.Main(String[] args)

[2020-11-22 18:25:08]	link failed !, exit code: 2
   在 ARM_Builder_V6.Program.Main(String[] args)

[2020-11-22 18:25:19]	link failed !, exit code: 2
   在 ARM_Builder_V6.Program.Main(String[] args)

[2020-11-22 18:27:11]	compilation failed at : "e:\singlechip\project\51\8051\src\main.c", exit code: 2
   在 ARM_Builder_V6.Program.Main(String[] args)

[2020-11-22 19:47:10]	compilation failed at : "e:\singlechip\project\51\8051\src\main.c", exit code: 2
   在 ARM_Builder_V6.Program.Main(String[] args)

[2020-11-22 20:14:17]	compilation failed at : "e:\singlechip\project\51\8051\src\main.c", exit code: 2
   在 ARM_Builder_V6.Program.Main(String[] args)

[2020-11-22 20:20:09]	compilation failed at : "e:\singlechip\project\51\8051\src\main.c", exit code: 2
   在 ARM_Builder_V6.Program.Main(String[] args)

[2020-11-22 20:26:40]	link failed !, exit code: 2
   在 ARM_Builder_V6.Program.Main(String[] args)

[2020-11-22 20:28:19]	compilation failed at : "e:\singlechip\project\51\8051\src\main.c", exit code: 2
   在 ARM_Builder_V6.Program.Main(String[] args)

[2020-11-22 20:29:43]	compilation failed at : "e:\singlechip\project\51\8051\src\main.c", exit code: 2
   在 ARM_Builder_V6.Program.Main(String[] args)

[2020-11-22 20:30:07]	link failed !, exit code: 2
   在 ARM_Builder_V6.Program.Main(String[] args)

[2020-11-22 20:31:00]	compilation failed at : "e:\singlechip\project\51\8051\src\main.c", exit code: 2
   在 ARM_Builder_V6.Program.Main(String[] args)

[2020-11-22 20:32:50]	compilation failed at : "e:\singlechip\project\51\8051\src\main.c", exit code: 2
   在 ARM_Builder_V6.Program.Main(String[] args)

[2020-11-22 20:34:40]	compilation failed at : "e:\singlechip\project\51\8051\src\main.c", exit code: 2
   在 ARM_Builder_V6.Program.Main(String[] args)

[2020-11-22 20:35:30]	link failed !, exit code: 2
   在 ARM_Builder_V6.Program.Main(String[] args)

[2020-11-22 20:37:23]	compilation failed at : "e:\singlechip\project\51\8051\src\main.c", exit code: 2
   在 ARM_Builder_V6.Program.Main(String[] args)

[2020-11-22 20:37:37]	compilation failed at : "e:\singlechip\project\51\8051\src\main.c", exit code: 2
   在 ARM_Builder_V6.Program.Main(String[] args)

[2020-11-22 20:37:52]	compilation failed at : "e:\singlechip\project\51\8051\src\main.c", exit code: 2
   在 ARM_Builder_V6.Program.Main(String[] args)

[2020-11-22 20:37:58]	link failed !, exit code: 2
   在 ARM_Builder_V6.Program.Main(String[] args)

[2020-11-22 22:04:08]	compilation failed at : "e:\singlechip\project\51\8051\src\main.c", exit code: 2
   在 ARM_Builder_V6.Program.Main(String[] args)

[2020-11-22 22:04:16]	compilation failed at : "e:\singlechip\project\51\8051\src\main.c", exit code: 2
   在 ARM_Builder_V6.Program.Main(String[] args)

[2020-11-22 22:04:32]	compilation failed at : "e:\singlechip\project\51\8051\src\main.c", exit code: 2
   在 ARM_Builder_V6.Program.Main(String[] args)

[2020-11-23 18:39:29]	compilation failed at : "e:\singlechip\project\51\8051\src\main.c", exit code: 2
   在 ARM_Builder_V6.Program.Main(String[] args)

[2020-11-23 18:40:19]	compilation failed at : "e:\singlechip\project\51\8051\src\main.c", exit code: 2
   在 ARM_Builder_V6.Program.Main(String[] args)

[2020-11-23 18:40:28]	compilation failed at : "e:\singlechip\project\51\8051\src\main.c", exit code: 2
   在 ARM_Builder_V6.Program.Main(String[] args)

[2020-11-23 18:41:00]	compilation failed at : "e:\singlechip\project\51\8051\src\main.c", exit code: 2
   在 ARM_Builder_V6.Program.Main(String[] args)

[2020-11-23 18:41:16]	compilation failed at : "e:\singlechip\project\51\8051\src\main.c", exit code: 2
   在 ARM_Builder_V6.Program.Main(String[] args)

[2020-11-23 18:41:28]	compilation failed at : "e:\singlechip\project\51\8051\src\main.c", exit code: 2
   在 ARM_Builder_V6.Program.Main(String[] args)

[2020-11-23 19:24:24]	compilation failed at : "e:\singlechip\project\51\8051\src\main.c", exit code: 2
   在 ARM_Builder_V6.Program.Main(String[] args)

[2020-11-23 19:24:40]	compilation failed at : "e:\singlechip\project\51\8051\src\main.c", exit code: 2
   在 ARM_Builder_V6.Program.Main(String[] args)

[2020-11-23 19:25:28]	compilation failed at : "e:\singlechip\project\51\8051\src\main.c", exit code: 2
   在 ARM_Builder_V6.Program.Main(String[] args)

[2020-11-23 19:26:39]	compilation failed at : "e:\singlechip\project\51\8051\src\main.c", exit code: 2
   在 ARM_Builder_V6.Program.Main(String[] args)

[2020-11-23 19:28:46]	compilation failed at : "e:\singlechip\project\51\8051\src\main.c", exit code: 2
   在 ARM_Builder_V6.Program.Main(String[] args)

[2020-11-23 19:28:54]	compilation failed at : "e:\singlechip\project\51\8051\src\main.c", exit code: 2
   在 ARM_Builder_V6.Program.Main(String[] args)

[2020-11-23 19:29:00]	compilation failed at : "e:\singlechip\project\51\8051\src\main.c", exit code: 2
   在 ARM_Builder_V6.Program.Main(String[] args)

[2020-11-23 19:29:11]	compilation failed at : "e:\singlechip\project\51\8051\src\main.c", exit code: 2
   在 ARM_Builder_V6.Program.Main(String[] args)

[2020-11-23 19:29:18]	compilation failed at : "e:\singlechip\project\51\8051\src\main.c", exit code: 2
   在 ARM_Builder_V6.Program.Main(String[] args)

[2020-11-23 19:29:28]	compilation failed at : "e:\singlechip\project\51\8051\src\main.c", exit code: 2
   在 ARM_Builder_V6.Program.Main(String[] args)

[2020-11-23 19:29:36]	compilation failed at : "e:\singlechip\project\51\8051\src\main.c", exit code: 2
   在 ARM_Builder_V6.Program.Main(String[] args)

[2020-11-27 21:10:01]	compilation failed at : "e:\singlechip\project\51\8051\src\1.cpp", exit code: 2
   在 ARM_Builder_V6.Program.Main(String[] args)

[2020-11-27 21:10:28]	compilation failed at : "e:\singlechip\project\51\8051\src\1.cpp", exit code: 2
   在 ARM_Builder_V6.Program.Main(String[] args)

[2020-11-27 21:10:44]	compilation failed at : "e:\singlechip\project\51\8051\src\1.cpp", exit code: 2
   在 ARM_Builder_V6.Program.Main(String[] args)

[2020-11-27 21:12:29]	link failed !, exit code: 2
   在 ARM_Builder_V6.Program.Main(String[] args)

[2020-11-27 21:13:01]	compilation failed at : "e:\singlechip\project\51\8051\src\main.c", exit code: 2
   在 ARM_Builder_V6.Program.Main(String[] args)

[2020-11-27 21:13:25]	compilation failed at : "e:\singlechip\project\51\8051\src\main.c", exit code: 2
   在 ARM_Builder_V6.Program.Main(String[] args)

[2020-11-28 18:13:31]	无法将类型为“Newtonsoft.Json.Linq.JArray”的对象强制转换为类型“Newtonsoft.Json.Linq.JObject”。
   在 ARM_Builder_V6.CmdGenerator.genOutputCommand(String linkerOutputFile)
   在 ARM_Builder_V6.Program.Main(String[] args)

[2020-11-28 18:15:07]	无法将类型为“Newtonsoft.Json.Linq.JArray”的对象强制转换为类型“Newtonsoft.Json.Linq.JObject”。
   在 ARM_Builder_V6.CmdGenerator.genOutputCommand(String linkerOutputFile)
   在 ARM_Builder_V6.Program.Main(String[] args)

[2020-11-28 18:19:35]	无法将类型为“Newtonsoft.Json.Linq.JArray”的对象强制转换为类型“Newtonsoft.Json.Linq.JObject”。
   在 ARM_Builder_V6.CmdGenerator.genOutputCommand(String linkerOutputFile)
   在 ARM_Builder_V6.Program.Main(String[] args)

[2020-11-28 18:35:00]	无法将类型为“Newtonsoft.Json.Linq.JArray”的对象强制转换为类型“Newtonsoft.Json.Linq.JObject”。
   在 ARM_Builder_V6.CmdGenerator.genOutputCommand(String linkerOutputFile)
   在 ARM_Builder_V6.Program.Main(String[] args)

[2020-11-28 18:35:52]	无法将类型为“Newtonsoft.Json.Linq.JArray”的对象强制转换为类型“Newtonsoft.Json.Linq.JObject”。
   在 ARM_Builder_V6.CmdGenerator.genOutputCommand(String linkerOutputFile)
   在 ARM_Builder_V6.Program.Main(String[] args)

[2020-11-28 18:40:29]	无法将类型为“Newtonsoft.Json.Linq.JArray”的对象强制转换为类型“Newtonsoft.Json.Linq.JObject”。
   在 ARM_Builder_V6.CmdGenerator.genOutputCommand(String linkerOutputFile)
   在 ARM_Builder_V6.Program.Main(String[] args)

[2020-11-28 18:41:13]	无法将类型为“Newtonsoft.Json.Linq.JArray”的对象强制转换为类型“Newtonsoft.Json.Linq.JObject”。
   在 ARM_Builder_V6.CmdGenerator.genOutputCommand(String linkerOutputFile)
   在 ARM_Builder_V6.Program.Main(String[] args)

[2020-11-28 18:41:25]	无法将类型为“Newtonsoft.Json.Linq.JArray”的对象强制转换为类型“Newtonsoft.Json.Linq.JObject”。
   在 ARM_Builder_V6.CmdGenerator.genOutputCommand(String linkerOutputFile)
   在 ARM_Builder_V6.Program.Main(String[] args)

[2020-11-28 18:44:19]	无法将类型为“Newtonsoft.Json.Linq.JArray”的对象强制转换为类型“Newtonsoft.Json.Linq.JObject”。
   在 ARM_Builder_V6.CmdGenerator.genOutputCommand(String linkerOutputFile)
   在 ARM_Builder_V6.Program.Main(String[] args)

[2020-11-28 18:45:09]	无法将类型为“Newtonsoft.Json.Linq.JArray”的对象强制转换为类型“Newtonsoft.Json.Linq.JObject”。
   在 ARM_Builder_V6.CmdGenerator.genOutputCommand(String linkerOutputFile)
   在 ARM_Builder_V6.Program.Main(String[] args)

[2020-11-28 18:59:02]	无法将类型为“Newtonsoft.Json.Linq.JArray”的对象强制转换为类型“Newtonsoft.Json.Linq.JObject”。
   在 ARM_Builder_V6.CmdGenerator.genOutputCommand(String linkerOutputFile)
   在 ARM_Builder_V6.Program.Main(String[] args)

[2020-11-28 19:42:03]	compilation failed at : "e:\singlechip\project\51\8051\src\main.c", exit code: 2
   在 ARM_Builder_V6.Program.Main(String[] args)

[2020-11-28 19:43:25]	compilation failed at : "e:\singlechip\project\51\8051\src\main.c", exit code: 2
   在 ARM_Builder_V6.Program.Main(String[] args)

[2020-11-28 19:43:38]	compilation failed at : "e:\singlechip\project\51\8051\src\main.c", exit code: 2
   在 ARM_Builder_V6.Program.Main(String[] args)

[2020-11-28 19:48:28]	link failed !, exit code: 2
   在 ARM_Builder_V6.Program.Main(String[] args)

[2020-11-28 19:53:32]	compilation failed at : "e:\singlechip\project\51\8051\src\main.c", exit code: 2
   在 ARM_Builder_V6.Program.Main(String[] args)

[2020-11-28 19:59:58]	compilation failed at : "e:\singlechip\project\51\8051\src\main.c", exit code: 2
   在 ARM_Builder_V6.Program.Main(String[] args)

[2020-11-28 20:00:30]	link failed !, exit code: 2
   在 ARM_Builder_V6.Program.Main(String[] args)

[2020-11-28 20:02:29]	compilation failed at : "e:\singlechip\project\51\8051\src\main.c", exit code: 2
   在 ARM_Builder_V6.Program.Main(String[] args)

[2020-11-28 20:03:27]	link failed !, exit code: 2
   在 ARM_Builder_V6.Program.Main(String[] args)

[2020-11-28 20:03:39]	compilation failed at : "e:\singlechip\project\51\8051\src\main.c", exit code: 2
   在 ARM_Builder_V6.Program.Main(String[] args)

[2020-11-28 20:03:59]	compilation failed at : "e:\singlechip\project\51\8051\src\main.c", exit code: 2
   在 ARM_Builder_V6.Program.Main(String[] args)

[2020-11-28 20:04:11]	compilation failed at : "e:\singlechip\project\51\8051\src\main.c", exit code: 2
   在 ARM_Builder_V6.Program.Main(String[] args)

[2020-11-28 20:05:02]	compilation failed at : "e:\singlechip\project\51\8051\src\main.c", exit code: 2
   在 ARM_Builder_V6.Program.Main(String[] args)

[2020-11-28 20:05:52]	compilation failed at : "e:\singlechip\project\51\8051\src\main.c", exit code: 2
   在 ARM_Builder_V6.Program.Main(String[] args)

[2020-11-28 20:06:07]	compilation failed at : "e:\singlechip\project\51\8051\src\main.c", exit code: 2
   在 ARM_Builder_V6.Program.Main(String[] args)

[2020-11-28 20:06:40]	compilation failed at : "e:\singlechip\project\51\8051\src\main.c", exit code: 2
   在 ARM_Builder_V6.Program.Main(String[] args)

[2020-11-28 20:07:06]	compilation failed at : "e:\singlechip\project\51\8051\src\main.c", exit code: 2
   在 ARM_Builder_V6.Program.Main(String[] args)

[2020-11-28 20:07:58]	compilation failed at : "e:\singlechip\project\51\8051\src\main.c", exit code: 2
   在 ARM_Builder_V6.Program.Main(String[] args)

[2020-11-28 20:08:16]	compilation failed at : "e:\singlechip\project\51\8051\src\main.c", exit code: 2
   在 ARM_Builder_V6.Program.Main(String[] args)

[2020-11-28 20:08:44]	compilation failed at : "e:\singlechip\project\51\8051\src\main.c", exit code: 2
   在 ARM_Builder_V6.Program.Main(String[] args)

[2020-11-28 20:08:59]	compilation failed at : "e:\singlechip\project\51\8051\src\main.c", exit code: 2
   在 ARM_Builder_V6.Program.Main(String[] args)

[2020-11-28 20:09:11]	compilation failed at : "e:\singlechip\project\51\8051\src\main.c", exit code: 2
   在 ARM_Builder_V6.Program.Main(String[] args)

[2020-11-28 20:10:45]	compilation failed at : "e:\singlechip\project\51\8051\src\main.c", exit code: 2
   在 ARM_Builder_V6.Program.Main(String[] args)

[2020-11-28 20:10:57]	compilation failed at : "e:\singlechip\project\51\8051\src\main.c", exit code: 2
   在 ARM_Builder_V6.Program.Main(String[] args)

[2020-11-28 20:11:15]	compilation failed at : "e:\singlechip\project\51\8051\src\main.c", exit code: 2
   在 ARM_Builder_V6.Program.Main(String[] args)

[2020-11-28 20:11:25]	compilation failed at : "e:\singlechip\project\51\8051\src\main.c", exit code: 2
   在 ARM_Builder_V6.Program.Main(String[] args)

[2020-11-28 20:11:35]	compilation failed at : "e:\singlechip\project\51\8051\src\main.c", exit code: 2
   在 ARM_Builder_V6.Program.Main(String[] args)

[2020-11-28 20:11:51]	compilation failed at : "e:\singlechip\project\51\8051\src\main.c", exit code: 2
   在 ARM_Builder_V6.Program.Main(String[] args)

[2020-11-28 20:11:56]	compilation failed at : "e:\singlechip\project\51\8051\src\main.c", exit code: 2
   在 ARM_Builder_V6.Program.Main(String[] args)

[2020-11-28 20:12:06]	compilation failed at : "e:\singlechip\project\51\8051\src\main.c", exit code: 2
   在 ARM_Builder_V6.Program.Main(String[] args)

[2020-11-28 20:12:41]	compilation failed at : "e:\singlechip\project\51\8051\src\main.c", exit code: 2
   在 ARM_Builder_V6.Program.Main(String[] args)

[2020-11-28 20:12:55]	compilation failed at : "e:\singlechip\project\51\8051\src\main.c", exit code: 2
   在 ARM_Builder_V6.Program.Main(String[] args)

[2020-11-28 20:13:56]	compilation failed at : "e:\singlechip\project\51\8051\src\main.c", exit code: 2
   在 ARM_Builder_V6.Program.Main(String[] args)

[2020-11-28 20:14:40]	link failed !, exit code: 2
   在 ARM_Builder_V6.Program.Main(String[] args)

[2020-11-28 20:17:08]	compilation failed at : "e:\singlechip\project\51\8051\src\main.c", exit code: 2
   在 ARM_Builder_V6.Program.Main(String[] args)

[2020-11-28 20:31:51]	compilation failed at : "e:\singlechip\project\51\8051\src\main.c", exit code: 2
   在 ARM_Builder_V6.Program.Main(String[] args)

[2020-11-28 20:41:57]	compilation failed at : "e:\singlechip\project\51\8051\src\main.c", exit code: 2
   在 ARM_Builder_V6.Program.Main(String[] args)

[2020-11-28 20:42:24]	compilation failed at : "e:\singlechip\project\51\8051\src\main.c", exit code: 2
   在 ARM_Builder_V6.Program.Main(String[] args)

[2020-11-28 20:43:05]	link failed !, exit code: 2
   在 ARM_Builder_V6.Program.Main(String[] args)

[2020-11-28 20:43:15]	link failed !, exit code: 2
   在 ARM_Builder_V6.Program.Main(String[] args)

[2020-11-28 20:43:33]	compilation failed at : "e:\singlechip\project\51\8051\src\main.c", exit code: 2
   在 ARM_Builder_V6.Program.Main(String[] args)

[2020-11-28 20:43:42]	compilation failed at : "e:\singlechip\project\51\8051\src\main.c", exit code: 2
   在 ARM_Builder_V6.Program.Main(String[] args)

[2020-11-28 20:44:00]	link failed !, exit code: 2
   在 ARM_Builder_V6.Program.Main(String[] args)

[2020-11-28 20:44:15]	link failed !, exit code: 2
   在 ARM_Builder_V6.Program.Main(String[] args)

[2020-11-28 20:44:41]	link failed !, exit code: 2
   在 ARM_Builder_V6.Program.Main(String[] args)

[2020-11-28 20:44:45]	link failed !, exit code: 2
   在 ARM_Builder_V6.Program.Main(String[] args)

[2020-11-28 20:50:17]	compilation failed at : "e:\singlechip\project\51\8051\src\main.c", exit code: 2
   在 ARM_Builder_V6.Program.Main(String[] args)

[2020-11-28 20:50:27]	compilation failed at : "e:\singlechip\project\51\8051\src\main.c", exit code: 2
   在 ARM_Builder_V6.Program.Main(String[] args)

[2021-01-02 08:17:49]	compilation failed at : "e:\singlechip\project\51\8051\src\main.c", exit code: 2
   在 ARM_Builder_V6.Program.Main(String[] args)

[2021-01-02 08:18:18]	compilation failed at : "e:\singlechip\project\51\8051\src\main.c", exit code: 2
   在 ARM_Builder_V6.Program.Main(String[] args)

[2021-01-02 08:18:42]	无法将类型为“Newtonsoft.Json.Linq.JArray”的对象强制转换为类型“Newtonsoft.Json.Linq.JObject”。
   在 ARM_Builder_V6.CmdGenerator.genOutputCommand(String linkerOutputFile)
   在 ARM_Builder_V6.Program.Main(String[] args)

[2021-01-02 08:25:22]	无法将类型为“Newtonsoft.Json.Linq.JArray”的对象强制转换为类型“Newtonsoft.Json.Linq.JObject”。
   在 ARM_Builder_V6.CmdGenerator.genOutputCommand(String linkerOutputFile)
   在 ARM_Builder_V6.Program.Main(String[] args)

[2021-01-02 08:25:55]	无法将类型为“Newtonsoft.Json.Linq.JArray”的对象强制转换为类型“Newtonsoft.Json.Linq.JObject”。
   在 ARM_Builder_V6.CmdGenerator.genOutputCommand(String linkerOutputFile)
   在 ARM_Builder_V6.Program.Main(String[] args)

[2021-01-02 08:27:19]	无法将类型为“Newtonsoft.Json.Linq.JArray”的对象强制转换为类型“Newtonsoft.Json.Linq.JObject”。
   在 ARM_Builder_V6.CmdGenerator.genOutputCommand(String linkerOutputFile)
   在 ARM_Builder_V6.Program.Main(String[] args)

